<?xml version="1.0" encoding="UTF-8"?>
<!-- Generated by org.testng.reporters.JUnitReportReporter -->
<testsuite skipped="0" hostname="9d6d410f8582" name="com.searchmodule.tests.SearchTest" tests="4" failures="0" timestamp="21 May 2022 22:22:03 GMT" time="14.951" errors="0">
  <testcase name="search" time="3.649" classname="com.searchmodule.tests.SearchTest"/>
  <testcase name="search" time="3.640" classname="com.searchmodule.tests.SearchTest"/>
  <testcase name="search" time="3.804" classname="com.searchmodule.tests.SearchTest"/>
  <testcase name="search" time="3.858" classname="com.searchmodule.tests.SearchTest"/>
</testsuite> <!-- com.searchmodule.tests.SearchTest -->
