<?xml version="1.0" encoding="UTF-8"?>
<!-- Generated by org.testng.reporters.JUnitReportReporter -->
<testsuite skipped="0" hostname="609f9ff1c893" name="com.searchmodule.tests.SearchTest" tests="4" failures="0" timestamp="21 May 2022 22:21:58 GMT" time="15.551" errors="0">
  <testcase name="search" time="3.690" classname="com.searchmodule.tests.SearchTest"/>
  <testcase name="search" time="3.753" classname="com.searchmodule.tests.SearchTest"/>
  <testcase name="search" time="3.760" classname="com.searchmodule.tests.SearchTest"/>
  <testcase name="search" time="4.348" classname="com.searchmodule.tests.SearchTest"/>
</testsuite> <!-- com.searchmodule.tests.SearchTest -->
